[ 2017-03-02T08:31:39+08:00 ] 127.0.0.1 /index.php?c=article
INFO: [ app_init ] --START--
INFO: Run Behavior\BuildLiteBehavior [ RunTime:0.000017s ]
INFO: [ app_init ] --END-- [ RunTime:0.104481s ]
INFO: [ app_begin ] --START--
INFO: Run Behavior\ReadHtmlCacheBehavior [ RunTime:0.012939s ]
INFO: [ app_begin ] --END-- [ RunTime:0.013019s ]
NOTIC: [2048] Declaration of Home\Controller\ArticleController::show() should be compatible with that of Think\Controller::show() D:\phpStudy\WWW\blog\Application\Home\Controller\ArticleController.class.php 第 25 行.
SQL: SHOW COLUMNS FROM `article` [ RunTime:0.0145s ]
NOTIC: [2] Missing argument 1 for Think\Model::where(), called in D:\phpStudy\WWW\blog\Application\Common\Model\ArticleModel.class.php on line 24 and defined D:\phpStudy\WWW\blog\ThinkPHP\Library\Think\Model.class.php 第 1797 行.
NOTIC: [8] Undefined variable: where D:\phpStudy\WWW\blog\ThinkPHP\Library\Think\Model.class.php 第 1805 行.
NOTIC: [8] Undefined variable: where D:\phpStudy\WWW\blog\ThinkPHP\Library\Think\Model.class.php 第 1808 行.
NOTIC: [8] Undefined variable: where D:\phpStudy\WWW\blog\ThinkPHP\Library\Think\Model.class.php 第 1816 行.
SQL: SELECT * FROM `article`  [ RunTime:0.0004s ]
INFO: [ view_parse ] --START--
INFO: [ template_filter ] --START--
INFO: Run Behavior\ContentReplaceBehavior [ RunTime:0.000066s ]
INFO: [ template_filter ] --END-- [ RunTime:0.000128s ]
NOTIC: [8] Undefined index: show D:\phpStudy\WWW\blog\Application\Runtime\Cache\Home\2ac6c1276904b87404ed678dbabb985c.php 第 20 行.
NOTIC: [8] Undefined index: show D:\phpStudy\WWW\blog\Application\Runtime\Cache\Home\2ac6c1276904b87404ed678dbabb985c.php 第 20 行.
NOTIC: [8] Undefined index: show D:\phpStudy\WWW\blog\Application\Runtime\Cache\Home\2ac6c1276904b87404ed678dbabb985c.php 第 20 行.
NOTIC: [8] Undefined index: show D:\phpStudy\WWW\blog\Application\Runtime\Cache\Home\2ac6c1276904b87404ed678dbabb985c.php 第 20 行.
NOTIC: [8] Undefined index: show D:\phpStudy\WWW\blog\Application\Runtime\Cache\Home\2ac6c1276904b87404ed678dbabb985c.php 第 20 行.
NOTIC: [8] Undefined index: show D:\phpStudy\WWW\blog\Application\Runtime\Cache\Home\2ac6c1276904b87404ed678dbabb985c.php 第 20 行.
NOTIC: [8] Undefined index: show D:\phpStudy\WWW\blog\Application\Runtime\Cache\Home\2ac6c1276904b87404ed678dbabb985c.php 第 69 行.
NOTIC: [8] Undefined index: show D:\phpStudy\WWW\blog\Application\Runtime\Cache\Home\2ac6c1276904b87404ed678dbabb985c.php 第 69 行.
NOTIC: [8] Undefined index: show D:\phpStudy\WWW\blog\Application\Runtime\Cache\Home\2ac6c1276904b87404ed678dbabb985c.php 第 69 行.
NOTIC: [8] Undefined index: show D:\phpStudy\WWW\blog\Application\Runtime\Cache\Home\2ac6c1276904b87404ed678dbabb985c.php 第 69 行.
NOTIC: [8] Undefined index: show D:\phpStudy\WWW\blog\Application\Runtime\Cache\Home\2ac6c1276904b87404ed678dbabb985c.php 第 69 行.
NOTIC: [8] Undefined index: show D:\phpStudy\WWW\blog\Application\Runtime\Cache\Home\2ac6c1276904b87404ed678dbabb985c.php 第 69 行.
INFO: Run Behavior\ParseTemplateBehavior [ RunTime:0.132710s ]
INFO: [ view_parse ] --END-- [ RunTime:0.132776s ]
INFO: [ view_filter ] --START--
INFO: Run Behavior\WriteHtmlCacheBehavior [ RunTime:0.009633s ]
INFO: [ view_filter ] --END-- [ RunTime:0.009695s ]
INFO: [ app_end ] --START--
INFO: Run Behavior\ShowPageTraceBehavior [ RunTime:0.001312s ]
INFO: [ app_end ] --END-- [ RunTime:0.001372s ]

[ 2017-03-02T08:34:01+08:00 ] 127.0.0.1 /index.php?c=article
INFO: [ app_init ] --START--
INFO: Run Behavior\BuildLiteBehavior [ RunTime:0.000029s ]
INFO: [ app_init ] --END-- [ RunTime:0.000859s ]
INFO: [ app_begin ] --START--
INFO: Run Behavior\ReadHtmlCacheBehavior [ RunTime:0.001477s ]
INFO: [ app_begin ] --END-- [ RunTime:0.001615s ]
NOTIC: [2048] Declaration of Home\Controller\ArticleController::show() should be compatible with that of Think\Controller::show() D:\phpStudy\WWW\blog\Application\Home\Controller\ArticleController.class.php 第 25 行.
SQL: SHOW COLUMNS FROM `article` [ RunTime:0.0322s ]
NOTIC: [2] Missing argument 1 for Think\Model::where(), called in D:\phpStudy\WWW\blog\Application\Common\Model\ArticleModel.class.php on line 24 and defined D:\phpStudy\WWW\blog\ThinkPHP\Library\Think\Model.class.php 第 1797 行.
NOTIC: [8] Undefined variable: where D:\phpStudy\WWW\blog\ThinkPHP\Library\Think\Model.class.php 第 1805 行.
NOTIC: [8] Undefined variable: where D:\phpStudy\WWW\blog\ThinkPHP\Library\Think\Model.class.php 第 1808 行.
NOTIC: [8] Undefined variable: where D:\phpStudy\WWW\blog\ThinkPHP\Library\Think\Model.class.php 第 1816 行.
SQL: SELECT * FROM `article`  [ RunTime:0.0008s ]
INFO: [ view_parse ] --START--
INFO: [ template_filter ] --START--
INFO: Run Behavior\ContentReplaceBehavior [ RunTime:0.000135s ]
INFO: [ template_filter ] --END-- [ RunTime:0.000261s ]
NOTIC: [8] Undefined index: show D:\phpStudy\WWW\blog\Application\Runtime\Cache\Home\2ac6c1276904b87404ed678dbabb985c.php 第 20 行.
NOTIC: [8] Undefined index: show D:\phpStudy\WWW\blog\Application\Runtime\Cache\Home\2ac6c1276904b87404ed678dbabb985c.php 第 20 行.
NOTIC: [8] Undefined index: show D:\phpStudy\WWW\blog\Application\Runtime\Cache\Home\2ac6c1276904b87404ed678dbabb985c.php 第 20 行.
NOTIC: [8] Undefined index: show D:\phpStudy\WWW\blog\Application\Runtime\Cache\Home\2ac6c1276904b87404ed678dbabb985c.php 第 20 行.
NOTIC: [8] Undefined index: show D:\phpStudy\WWW\blog\Application\Runtime\Cache\Home\2ac6c1276904b87404ed678dbabb985c.php 第 20 行.
NOTIC: [8] Undefined index: show D:\phpStudy\WWW\blog\Application\Runtime\Cache\Home\2ac6c1276904b87404ed678dbabb985c.php 第 20 行.
NOTIC: [8] Undefined index: show D:\phpStudy\WWW\blog\Application\Runtime\Cache\Home\2ac6c1276904b87404ed678dbabb985c.php 第 69 行.
NOTIC: [8] Undefined index: show D:\phpStudy\WWW\blog\Application\Runtime\Cache\Home\2ac6c1276904b87404ed678dbabb985c.php 第 69 行.
NOTIC: [8] Undefined index: show D:\phpStudy\WWW\blog\Application\Runtime\Cache\Home\2ac6c1276904b87404ed678dbabb985c.php 第 69 行.
NOTIC: [8] Undefined index: show D:\phpStudy\WWW\blog\Application\Runtime\Cache\Home\2ac6c1276904b87404ed678dbabb985c.php 第 69 行.
NOTIC: [8] Undefined index: show D:\phpStudy\WWW\blog\Application\Runtime\Cache\Home\2ac6c1276904b87404ed678dbabb985c.php 第 69 行.
NOTIC: [8] Undefined index: show D:\phpStudy\WWW\blog\Application\Runtime\Cache\Home\2ac6c1276904b87404ed678dbabb985c.php 第 69 行.
INFO: Run Behavior\ParseTemplateBehavior [ RunTime:0.025413s ]
INFO: [ view_parse ] --END-- [ RunTime:0.025534s ]
INFO: [ view_filter ] --START--
INFO: Run Behavior\WriteHtmlCacheBehavior [ RunTime:0.000886s ]
INFO: [ view_filter ] --END-- [ RunTime:0.000985s ]
INFO: [ app_end ] --START--
INFO: Run Behavior\ShowPageTraceBehavior [ RunTime:0.001212s ]
INFO: [ app_end ] --END-- [ RunTime:0.001290s ]

[ 2017-03-02T08:34:02+08:00 ] 127.0.0.1 /index.php?c=article&a=show&a_id=2
INFO: [ app_init ] --START--
INFO: Run Behavior\BuildLiteBehavior [ RunTime:0.000022s ]
INFO: [ app_init ] --END-- [ RunTime:0.000544s ]
INFO: [ app_begin ] --START--
INFO: Run Behavior\ReadHtmlCacheBehavior [ RunTime:0.000734s ]
INFO: [ app_begin ] --END-- [ RunTime:0.000837s ]
NOTIC: [2048] Declaration of Home\Controller\ArticleController::show() should be compatible with that of Think\Controller::show() D:\phpStudy\WWW\blog\Application\Home\Controller\ArticleController.class.php 第 25 行.
NOTIC: [2] Missing argument 4 for request(), called in D:\phpStudy\WWW\blog\Application\Home\Controller\ArticleController.class.php on line 19 and defined D:\phpStudy\WWW\blog\Application\Common\Common\function.php 第 51 行.
SQL: SHOW COLUMNS FROM `article` [ RunTime:0.0188s ]
SQL: SELECT * FROM `article` WHERE `a_id` = 2 LIMIT 1   [ RunTime:0.0004s ]
INFO: [ view_parse ] --START--
INFO: [ template_filter ] --START--
INFO: Run Behavior\ContentReplaceBehavior [ RunTime:0.000056s ]
INFO: [ template_filter ] --END-- [ RunTime:0.000124s ]
NOTIC: [2] require_once(config/article_db.php) [<a href='function.require-once'>function.require-once</a>]: failed to open stream: No such file or directory D:\phpStudy\WWW\blog\Application\Runtime\Cache\Home\5b50bc129845932f3ba5af32a9646fa2.php 第 24 行.

[ 2017-03-02T08:34:31+08:00 ] 127.0.0.1 /index.php?c=article
INFO: [ app_init ] --START--
INFO: Run Behavior\BuildLiteBehavior [ RunTime:0.000044s ]
INFO: [ app_init ] --END-- [ RunTime:0.001002s ]
INFO: [ app_begin ] --START--
INFO: Run Behavior\ReadHtmlCacheBehavior [ RunTime:0.002311s ]
INFO: [ app_begin ] --END-- [ RunTime:0.002548s ]
NOTIC: [2048] Declaration of Home\Controller\ArticleController::show() should be compatible with that of Think\Controller::show() D:\phpStudy\WWW\blog\Application\Home\Controller\ArticleController.class.php 第 25 行.
SQL: SHOW COLUMNS FROM `article` [ RunTime:0.0272s ]
NOTIC: [2] Missing argument 1 for Think\Model::where(), called in D:\phpStudy\WWW\blog\Application\Common\Model\ArticleModel.class.php on line 24 and defined D:\phpStudy\WWW\blog\ThinkPHP\Library\Think\Model.class.php 第 1797 行.
NOTIC: [8] Undefined variable: where D:\phpStudy\WWW\blog\ThinkPHP\Library\Think\Model.class.php 第 1805 行.
NOTIC: [8] Undefined variable: where D:\phpStudy\WWW\blog\ThinkPHP\Library\Think\Model.class.php 第 1808 行.
NOTIC: [8] Undefined variable: where D:\phpStudy\WWW\blog\ThinkPHP\Library\Think\Model.class.php 第 1816 行.
SQL: SELECT * FROM `article`  [ RunTime:0.0005s ]
INFO: [ view_parse ] --START--
INFO: [ template_filter ] --START--
INFO: Run Behavior\ContentReplaceBehavior [ RunTime:0.000091s ]
INFO: [ template_filter ] --END-- [ RunTime:0.000176s ]
NOTIC: [8] Undefined index: show D:\phpStudy\WWW\blog\Application\Runtime\Cache\Home\2ac6c1276904b87404ed678dbabb985c.php 第 20 行.
NOTIC: [8] Undefined index: show D:\phpStudy\WWW\blog\Application\Runtime\Cache\Home\2ac6c1276904b87404ed678dbabb985c.php 第 20 行.
NOTIC: [8] Undefined index: show D:\phpStudy\WWW\blog\Application\Runtime\Cache\Home\2ac6c1276904b87404ed678dbabb985c.php 第 20 行.
NOTIC: [8] Undefined index: show D:\phpStudy\WWW\blog\Application\Runtime\Cache\Home\2ac6c1276904b87404ed678dbabb985c.php 第 20 行.
NOTIC: [8] Undefined index: show D:\phpStudy\WWW\blog\Application\Runtime\Cache\Home\2ac6c1276904b87404ed678dbabb985c.php 第 20 行.
NOTIC: [8] Undefined index: show D:\phpStudy\WWW\blog\Application\Runtime\Cache\Home\2ac6c1276904b87404ed678dbabb985c.php 第 20 行.
NOTIC: [8] Undefined index: show D:\phpStudy\WWW\blog\Application\Runtime\Cache\Home\2ac6c1276904b87404ed678dbabb985c.php 第 69 行.
NOTIC: [8] Undefined index: show D:\phpStudy\WWW\blog\Application\Runtime\Cache\Home\2ac6c1276904b87404ed678dbabb985c.php 第 69 行.
NOTIC: [8] Undefined index: show D:\phpStudy\WWW\blog\Application\Runtime\Cache\Home\2ac6c1276904b87404ed678dbabb985c.php 第 69 行.
NOTIC: [8] Undefined index: show D:\phpStudy\WWW\blog\Application\Runtime\Cache\Home\2ac6c1276904b87404ed678dbabb985c.php 第 69 行.
NOTIC: [8] Undefined index: show D:\phpStudy\WWW\blog\Application\Runtime\Cache\Home\2ac6c1276904b87404ed678dbabb985c.php 第 69 行.
NOTIC: [8] Undefined index: show D:\phpStudy\WWW\blog\Application\Runtime\Cache\Home\2ac6c1276904b87404ed678dbabb985c.php 第 69 行.
INFO: Run Behavior\ParseTemplateBehavior [ RunTime:0.071914s ]
INFO: [ view_parse ] --END-- [ RunTime:0.072000s ]
INFO: [ view_filter ] --START--
INFO: Run Behavior\WriteHtmlCacheBehavior [ RunTime:0.000602s ]
INFO: [ view_filter ] --END-- [ RunTime:0.000670s ]
INFO: [ app_end ] --START--
INFO: Run Behavior\ShowPageTraceBehavior [ RunTime:0.001055s ]
INFO: [ app_end ] --END-- [ RunTime:0.001133s ]

[ 2017-03-02T08:34:33+08:00 ] 127.0.0.1 /index.php?c=article&a=show&a_id=2
INFO: [ app_init ] --START--
INFO: Run Behavior\BuildLiteBehavior [ RunTime:0.000016s ]
INFO: [ app_init ] --END-- [ RunTime:0.000384s ]
INFO: [ app_begin ] --START--
INFO: Run Behavior\ReadHtmlCacheBehavior [ RunTime:0.000473s ]
INFO: [ app_begin ] --END-- [ RunTime:0.000536s ]
NOTIC: [2048] Declaration of Home\Controller\ArticleController::show() should be compatible with that of Think\Controller::show() D:\phpStudy\WWW\blog\Application\Home\Controller\ArticleController.class.php 第 25 行.
NOTIC: [2] Missing argument 4 for request(), called in D:\phpStudy\WWW\blog\Application\Home\Controller\ArticleController.class.php on line 19 and defined D:\phpStudy\WWW\blog\Application\Common\Common\function.php 第 51 行.
SQL: SHOW COLUMNS FROM `article` [ RunTime:0.0142s ]
SQL: SELECT * FROM `article` WHERE `a_id` = 2 LIMIT 1   [ RunTime:0.0004s ]
INFO: [ view_parse ] --START--
INFO: [ template_filter ] --START--
INFO: Run Behavior\ContentReplaceBehavior [ RunTime:0.000054s ]
INFO: [ template_filter ] --END-- [ RunTime:0.000119s ]
NOTIC: [2] require_once(config/article_db.php) [<a href='function.require-once'>function.require-once</a>]: failed to open stream: No such file or directory D:\phpStudy\WWW\blog\Application\Runtime\Cache\Home\5b50bc129845932f3ba5af32a9646fa2.php 第 24 行.

[ 2017-03-02T08:35:03+08:00 ] 127.0.0.1 /index.php?c=article
INFO: [ app_init ] --START--
INFO: Run Behavior\BuildLiteBehavior [ RunTime:0.000042s ]
INFO: [ app_init ] --END-- [ RunTime:0.001133s ]
INFO: [ app_begin ] --START--
INFO: Run Behavior\ReadHtmlCacheBehavior [ RunTime:0.001138s ]
INFO: [ app_begin ] --END-- [ RunTime:0.001281s ]
NOTIC: [2048] Declaration of Home\Controller\ArticleController::show() should be compatible with that of Think\Controller::show() D:\phpStudy\WWW\blog\Application\Home\Controller\ArticleController.class.php 第 27 行.
SQL: SHOW COLUMNS FROM `article` [ RunTime:0.0375s ]
NOTIC: [2] Missing argument 1 for Think\Model::where(), called in D:\phpStudy\WWW\blog\Application\Common\Model\ArticleModel.class.php on line 24 and defined D:\phpStudy\WWW\blog\ThinkPHP\Library\Think\Model.class.php 第 1797 行.
NOTIC: [8] Undefined variable: where D:\phpStudy\WWW\blog\ThinkPHP\Library\Think\Model.class.php 第 1805 行.
NOTIC: [8] Undefined variable: where D:\phpStudy\WWW\blog\ThinkPHP\Library\Think\Model.class.php 第 1808 行.
NOTIC: [8] Undefined variable: where D:\phpStudy\WWW\blog\ThinkPHP\Library\Think\Model.class.php 第 1816 行.
SQL: SELECT * FROM `article`  [ RunTime:0.0009s ]
INFO: [ view_parse ] --START--
INFO: [ template_filter ] --START--
INFO: Run Behavior\ContentReplaceBehavior [ RunTime:0.000149s ]
INFO: [ template_filter ] --END-- [ RunTime:0.000283s ]
NOTIC: [8] Undefined index: show D:\phpStudy\WWW\blog\Application\Runtime\Cache\Home\2ac6c1276904b87404ed678dbabb985c.php 第 20 行.
NOTIC: [8] Undefined index: show D:\phpStudy\WWW\blog\Application\Runtime\Cache\Home\2ac6c1276904b87404ed678dbabb985c.php 第 20 行.
NOTIC: [8] Undefined index: show D:\phpStudy\WWW\blog\Application\Runtime\Cache\Home\2ac6c1276904b87404ed678dbabb985c.php 第 20 行.
NOTIC: [8] Undefined index: show D:\phpStudy\WWW\blog\Application\Runtime\Cache\Home\2ac6c1276904b87404ed678dbabb985c.php 第 20 行.
NOTIC: [8] Undefined index: show D:\phpStudy\WWW\blog\Application\Runtime\Cache\Home\2ac6c1276904b87404ed678dbabb985c.php 第 20 行.
NOTIC: [8] Undefined index: show D:\phpStudy\WWW\blog\Application\Runtime\Cache\Home\2ac6c1276904b87404ed678dbabb985c.php 第 20 行.
NOTIC: [8] Undefined index: show D:\phpStudy\WWW\blog\Application\Runtime\Cache\Home\2ac6c1276904b87404ed678dbabb985c.php 第 69 行.
NOTIC: [8] Undefined index: show D:\phpStudy\WWW\blog\Application\Runtime\Cache\Home\2ac6c1276904b87404ed678dbabb985c.php 第 69 行.
NOTIC: [8] Undefined index: show D:\phpStudy\WWW\blog\Application\Runtime\Cache\Home\2ac6c1276904b87404ed678dbabb985c.php 第 69 行.
NOTIC: [8] Undefined index: show D:\phpStudy\WWW\blog\Application\Runtime\Cache\Home\2ac6c1276904b87404ed678dbabb985c.php 第 69 行.
NOTIC: [8] Undefined index: show D:\phpStudy\WWW\blog\Application\Runtime\Cache\Home\2ac6c1276904b87404ed678dbabb985c.php 第 69 行.
NOTIC: [8] Undefined index: show D:\phpStudy\WWW\blog\Application\Runtime\Cache\Home\2ac6c1276904b87404ed678dbabb985c.php 第 69 行.
INFO: Run Behavior\ParseTemplateBehavior [ RunTime:0.022786s ]
INFO: [ view_parse ] --END-- [ RunTime:0.023045s ]
INFO: [ view_filter ] --START--
INFO: Run Behavior\WriteHtmlCacheBehavior [ RunTime:0.000603s ]
INFO: [ view_filter ] --END-- [ RunTime:0.000707s ]
INFO: [ app_end ] --START--
INFO: Run Behavior\ShowPageTraceBehavior [ RunTime:0.001075s ]
INFO: [ app_end ] --END-- [ RunTime:0.001210s ]

[ 2017-03-02T08:35:08+08:00 ] 127.0.0.1 /index.php?c=article&a=show&a_id=2
INFO: [ app_init ] --START--
INFO: Run Behavior\BuildLiteBehavior [ RunTime:0.000015s ]
INFO: [ app_init ] --END-- [ RunTime:0.000368s ]
INFO: [ app_begin ] --START--
INFO: Run Behavior\ReadHtmlCacheBehavior [ RunTime:0.001045s ]
INFO: [ app_begin ] --END-- [ RunTime:0.001149s ]
NOTIC: [2048] Declaration of Home\Controller\ArticleController::show() should be compatible with that of Think\Controller::show() D:\phpStudy\WWW\blog\Application\Home\Controller\ArticleController.class.php 第 27 行.
NOTIC: [2] Missing argument 4 for request(), called in D:\phpStudy\WWW\blog\Application\Home\Controller\ArticleController.class.php on line 19 and defined D:\phpStudy\WWW\blog\Application\Common\Common\function.php 第 51 行.
SQL: SHOW COLUMNS FROM `article` [ RunTime:0.0189s ]
SQL: SELECT * FROM `article` WHERE `a_id` = 2 LIMIT 1   [ RunTime:0.0007s ]

[ 2017-03-02T08:35:11+08:00 ] 127.0.0.1 /index.php?c=article
INFO: [ app_init ] --START--
INFO: Run Behavior\BuildLiteBehavior [ RunTime:0.000020s ]
INFO: [ app_init ] --END-- [ RunTime:0.000456s ]
INFO: [ app_begin ] --START--
INFO: Run Behavior\ReadHtmlCacheBehavior [ RunTime:0.001052s ]
INFO: [ app_begin ] --END-- [ RunTime:0.001168s ]
NOTIC: [2048] Declaration of Home\Controller\ArticleController::show() should be compatible with that of Think\Controller::show() D:\phpStudy\WWW\blog\Application\Home\Controller\ArticleController.class.php 第 27 行.
SQL: SHOW COLUMNS FROM `article` [ RunTime:0.0160s ]
NOTIC: [2] Missing argument 1 for Think\Model::where(), called in D:\phpStudy\WWW\blog\Application\Common\Model\ArticleModel.class.php on line 24 and defined D:\phpStudy\WWW\blog\ThinkPHP\Library\Think\Model.class.php 第 1797 行.
NOTIC: [8] Undefined variable: where D:\phpStudy\WWW\blog\ThinkPHP\Library\Think\Model.class.php 第 1805 行.
NOTIC: [8] Undefined variable: where D:\phpStudy\WWW\blog\ThinkPHP\Library\Think\Model.class.php 第 1808 行.
NOTIC: [8] Undefined variable: where D:\phpStudy\WWW\blog\ThinkPHP\Library\Think\Model.class.php 第 1816 行.
SQL: SELECT * FROM `article`  [ RunTime:0.0005s ]
INFO: [ view_parse ] --START--
INFO: [ template_filter ] --START--
INFO: Run Behavior\ContentReplaceBehavior [ RunTime:0.000103s ]
INFO: [ template_filter ] --END-- [ RunTime:0.000198s ]
NOTIC: [8] Undefined index: show D:\phpStudy\WWW\blog\Application\Runtime\Cache\Home\2ac6c1276904b87404ed678dbabb985c.php 第 20 行.
NOTIC: [8] Undefined index: show D:\phpStudy\WWW\blog\Application\Runtime\Cache\Home\2ac6c1276904b87404ed678dbabb985c.php 第 20 行.
NOTIC: [8] Undefined index: show D:\phpStudy\WWW\blog\Application\Runtime\Cache\Home\2ac6c1276904b87404ed678dbabb985c.php 第 20 行.
NOTIC: [8] Undefined index: show D:\phpStudy\WWW\blog\Application\Runtime\Cache\Home\2ac6c1276904b87404ed678dbabb985c.php 第 20 行.
NOTIC: [8] Undefined index: show D:\phpStudy\WWW\blog\Application\Runtime\Cache\Home\2ac6c1276904b87404ed678dbabb985c.php 第 20 行.
NOTIC: [8] Undefined index: show D:\phpStudy\WWW\blog\Application\Runtime\Cache\Home\2ac6c1276904b87404ed678dbabb985c.php 第 20 行.
NOTIC: [8] Undefined index: show D:\phpStudy\WWW\blog\Application\Runtime\Cache\Home\2ac6c1276904b87404ed678dbabb985c.php 第 69 行.
NOTIC: [8] Undefined index: show D:\phpStudy\WWW\blog\Application\Runtime\Cache\Home\2ac6c1276904b87404ed678dbabb985c.php 第 69 行.
NOTIC: [8] Undefined index: show D:\phpStudy\WWW\blog\Application\Runtime\Cache\Home\2ac6c1276904b87404ed678dbabb985c.php 第 69 行.
NOTIC: [8] Undefined index: show D:\phpStudy\WWW\blog\Application\Runtime\Cache\Home\2ac6c1276904b87404ed678dbabb985c.php 第 69 行.
NOTIC: [8] Undefined index: show D:\phpStudy\WWW\blog\Application\Runtime\Cache\Home\2ac6c1276904b87404ed678dbabb985c.php 第 69 行.
NOTIC: [8] Undefined index: show D:\phpStudy\WWW\blog\Application\Runtime\Cache\Home\2ac6c1276904b87404ed678dbabb985c.php 第 69 行.
INFO: Run Behavior\ParseTemplateBehavior [ RunTime:0.015483s ]
INFO: [ view_parse ] --END-- [ RunTime:0.015569s ]
INFO: [ view_filter ] --START--
INFO: Run Behavior\WriteHtmlCacheBehavior [ RunTime:0.000647s ]
INFO: [ view_filter ] --END-- [ RunTime:0.000717s ]
INFO: [ app_end ] --START--
INFO: Run Behavior\ShowPageTraceBehavior [ RunTime:0.000644s ]
INFO: [ app_end ] --END-- [ RunTime:0.000695s ]

[ 2017-03-02T08:40:45+08:00 ] 127.0.0.1 /index.php?c=article
INFO: [ app_init ] --START--
INFO: Run Behavior\BuildLiteBehavior [ RunTime:0.000020s ]
INFO: [ app_init ] --END-- [ RunTime:0.000597s ]
INFO: [ app_begin ] --START--
INFO: Run Behavior\ReadHtmlCacheBehavior [ RunTime:0.000656s ]
INFO: [ app_begin ] --END-- [ RunTime:0.000718s ]
NOTIC: [2048] Declaration of Home\Controller\ArticleController::show() should be compatible with that of Think\Controller::show() D:\phpStudy\WWW\blog\Application\Home\Controller\ArticleController.class.php 第 27 行.
SQL: SHOW COLUMNS FROM `article` [ RunTime:0.0137s ]
NOTIC: [2] Missing argument 1 for Think\Model::where(), called in D:\phpStudy\WWW\blog\Application\Common\Model\ArticleModel.class.php on line 24 and defined D:\phpStudy\WWW\blog\ThinkPHP\Library\Think\Model.class.php 第 1797 行.
NOTIC: [8] Undefined variable: where D:\phpStudy\WWW\blog\ThinkPHP\Library\Think\Model.class.php 第 1805 行.
NOTIC: [8] Undefined variable: where D:\phpStudy\WWW\blog\ThinkPHP\Library\Think\Model.class.php 第 1808 行.
NOTIC: [8] Undefined variable: where D:\phpStudy\WWW\blog\ThinkPHP\Library\Think\Model.class.php 第 1816 行.
SQL: SELECT * FROM `article`  [ RunTime:0.0005s ]
INFO: [ view_parse ] --START--
INFO: [ template_filter ] --START--
INFO: Run Behavior\ContentReplaceBehavior [ RunTime:0.000098s ]
INFO: [ template_filter ] --END-- [ RunTime:0.000188s ]
NOTIC: [8] Undefined index: show D:\phpStudy\WWW\blog\Application\Runtime\Cache\Home\2ac6c1276904b87404ed678dbabb985c.php 第 20 行.
NOTIC: [8] Undefined index: show D:\phpStudy\WWW\blog\Application\Runtime\Cache\Home\2ac6c1276904b87404ed678dbabb985c.php 第 20 行.
NOTIC: [8] Undefined index: show D:\phpStudy\WWW\blog\Application\Runtime\Cache\Home\2ac6c1276904b87404ed678dbabb985c.php 第 20 行.
NOTIC: [8] Undefined index: show D:\phpStudy\WWW\blog\Application\Runtime\Cache\Home\2ac6c1276904b87404ed678dbabb985c.php 第 20 行.
NOTIC: [8] Undefined index: show D:\phpStudy\WWW\blog\Application\Runtime\Cache\Home\2ac6c1276904b87404ed678dbabb985c.php 第 20 行.
NOTIC: [8] Undefined index: show D:\phpStudy\WWW\blog\Application\Runtime\Cache\Home\2ac6c1276904b87404ed678dbabb985c.php 第 20 行.
NOTIC: [8] Undefined index: show D:\phpStudy\WWW\blog\Application\Runtime\Cache\Home\2ac6c1276904b87404ed678dbabb985c.php 第 69 行.
NOTIC: [8] Undefined index: show D:\phpStudy\WWW\blog\Application\Runtime\Cache\Home\2ac6c1276904b87404ed678dbabb985c.php 第 69 行.
NOTIC: [8] Undefined index: show D:\phpStudy\WWW\blog\Application\Runtime\Cache\Home\2ac6c1276904b87404ed678dbabb985c.php 第 69 行.
NOTIC: [8] Undefined index: show D:\phpStudy\WWW\blog\Application\Runtime\Cache\Home\2ac6c1276904b87404ed678dbabb985c.php 第 69 行.
NOTIC: [8] Undefined index: show D:\phpStudy\WWW\blog\Application\Runtime\Cache\Home\2ac6c1276904b87404ed678dbabb985c.php 第 69 行.
NOTIC: [8] Undefined index: show D:\phpStudy\WWW\blog\Application\Runtime\Cache\Home\2ac6c1276904b87404ed678dbabb985c.php 第 69 行.
INFO: Run Behavior\ParseTemplateBehavior [ RunTime:0.063762s ]
INFO: [ view_parse ] --END-- [ RunTime:0.063848s ]
INFO: [ view_filter ] --START--
INFO: Run Behavior\WriteHtmlCacheBehavior [ RunTime:0.000661s ]
INFO: [ view_filter ] --END-- [ RunTime:0.000736s ]
INFO: [ app_end ] --START--
INFO: Run Behavior\ShowPageTraceBehavior [ RunTime:0.000915s ]
INFO: [ app_end ] --END-- [ RunTime:0.001000s ]

[ 2017-03-02T08:40:46+08:00 ] 127.0.0.1 /index.php?c=article&a=show&a_id=2
INFO: [ app_init ] --START--
INFO: Run Behavior\BuildLiteBehavior [ RunTime:0.000027s ]
INFO: [ app_init ] --END-- [ RunTime:0.000579s ]
INFO: [ app_begin ] --START--
INFO: Run Behavior\ReadHtmlCacheBehavior [ RunTime:0.000771s ]
INFO: [ app_begin ] --END-- [ RunTime:0.000884s ]
NOTIC: [2048] Declaration of Home\Controller\ArticleController::show() should be compatible with that of Think\Controller::show() D:\phpStudy\WWW\blog\Application\Home\Controller\ArticleController.class.php 第 27 行.
NOTIC: [2] Missing argument 4 for request(), called in D:\phpStudy\WWW\blog\Application\Home\Controller\ArticleController.class.php on line 19 and defined D:\phpStudy\WWW\blog\Application\Common\Common\function.php 第 51 行.
SQL: SHOW COLUMNS FROM `article` [ RunTime:0.0195s ]
SQL: SELECT * FROM `article` WHERE `a_id` = 2 LIMIT 1   [ RunTime:0.0004s ]

[ 2017-03-02T08:40:56+08:00 ] 127.0.0.1 /index.php?c=article&a=show&a_id=2
INFO: [ app_init ] --START--
INFO: Run Behavior\BuildLiteBehavior [ RunTime:0.000016s ]
INFO: [ app_init ] --END-- [ RunTime:0.000449s ]
INFO: [ app_begin ] --START--
INFO: Run Behavior\ReadHtmlCacheBehavior [ RunTime:0.000648s ]
INFO: [ app_begin ] --END-- [ RunTime:0.000718s ]
NOTIC: [2048] Declaration of Home\Controller\ArticleController::show() should be compatible with that of Think\Controller::show() D:\phpStudy\WWW\blog\Application\Home\Controller\ArticleController.class.php 第 27 行.
NOTIC: [2] Missing argument 4 for request(), called in D:\phpStudy\WWW\blog\Application\Home\Controller\ArticleController.class.php on line 19 and defined D:\phpStudy\WWW\blog\Application\Common\Common\function.php 第 51 行.
SQL: SHOW COLUMNS FROM `article` [ RunTime:0.0132s ]
SQL: SELECT * FROM `article` WHERE `a_id` = 2 LIMIT 1   [ RunTime:0.0004s ]
INFO: [ view_parse ] --START--
INFO: [ template_filter ] --START--
INFO: Run Behavior\ContentReplaceBehavior [ RunTime:0.000066s ]
INFO: [ template_filter ] --END-- [ RunTime:0.000125s ]
NOTIC: [8] Undefined index: show D:\phpStudy\WWW\blog\Application\Runtime\Cache\Home\5b50bc129845932f3ba5af32a9646fa2.php 第 21 行.
NOTIC: [8] Undefined index: show D:\phpStudy\WWW\blog\Application\Runtime\Cache\Home\5b50bc129845932f3ba5af32a9646fa2.php 第 21 行.
NOTIC: [8] Undefined index: show D:\phpStudy\WWW\blog\Application\Runtime\Cache\Home\5b50bc129845932f3ba5af32a9646fa2.php 第 21 行.
NOTIC: [8] Undefined index: show D:\phpStudy\WWW\blog\Application\Runtime\Cache\Home\5b50bc129845932f3ba5af32a9646fa2.php 第 21 行.
NOTIC: [8] Undefined index: show D:\phpStudy\WWW\blog\Application\Runtime\Cache\Home\5b50bc129845932f3ba5af32a9646fa2.php 第 21 行.
NOTIC: [8] Undefined index: show D:\phpStudy\WWW\blog\Application\Runtime\Cache\Home\5b50bc129845932f3ba5af32a9646fa2.php 第 21 行.
NOTIC: [8] Undefined variable: list D:\phpStudy\WWW\blog\Application\Runtime\Cache\Home\5b50bc129845932f3ba5af32a9646fa2.php 第 43 行.
NOTIC: [8] Undefined variable: list D:\phpStudy\WWW\blog\Application\Runtime\Cache\Home\5b50bc129845932f3ba5af32a9646fa2.php 第 44 行.
NOTIC: [8] Undefined variable: list D:\phpStudy\WWW\blog\Application\Runtime\Cache\Home\5b50bc129845932f3ba5af32a9646fa2.php 第 44 行.
NOTIC: [8] Undefined variable: list D:\phpStudy\WWW\blog\Application\Runtime\Cache\Home\5b50bc129845932f3ba5af32a9646fa2.php 第 45 行.
NOTIC: [8] Undefined variable: list D:\phpStudy\WWW\blog\Application\Runtime\Cache\Home\5b50bc129845932f3ba5af32a9646fa2.php 第 45 行.
NOTIC: [8] Undefined variable: list D:\phpStudy\WWW\blog\Application\Runtime\Cache\Home\5b50bc129845932f3ba5af32a9646fa2.php 第 48 行.
NOTIC: [8] Undefined variable: list D:\phpStudy\WWW\blog\Application\Runtime\Cache\Home\5b50bc129845932f3ba5af32a9646fa2.php 第 51 行.
NOTIC: [8] Undefined index: show D:\phpStudy\WWW\blog\Application\Runtime\Cache\Home\5b50bc129845932f3ba5af32a9646fa2.php 第 85 行.
NOTIC: [8] Undefined index: show D:\phpStudy\WWW\blog\Application\Runtime\Cache\Home\5b50bc129845932f3ba5af32a9646fa2.php 第 85 行.
NOTIC: [8] Undefined index: show D:\phpStudy\WWW\blog\Application\Runtime\Cache\Home\5b50bc129845932f3ba5af32a9646fa2.php 第 85 行.
NOTIC: [8] Undefined index: show D:\phpStudy\WWW\blog\Application\Runtime\Cache\Home\5b50bc129845932f3ba5af32a9646fa2.php 第 85 行.
NOTIC: [8] Undefined index: show D:\phpStudy\WWW\blog\Application\Runtime\Cache\Home\5b50bc129845932f3ba5af32a9646fa2.php 第 85 行.
NOTIC: [8] Undefined index: show D:\phpStudy\WWW\blog\Application\Runtime\Cache\Home\5b50bc129845932f3ba5af32a9646fa2.php 第 85 行.
INFO: Run Behavior\ParseTemplateBehavior [ RunTime:0.046374s ]
INFO: [ view_parse ] --END-- [ RunTime:0.046433s ]
INFO: [ view_filter ] --START--
INFO: Run Behavior\WriteHtmlCacheBehavior [ RunTime:0.000449s ]
INFO: [ view_filter ] --END-- [ RunTime:0.000502s ]
INFO: [ app_end ] --START--
INFO: Run Behavior\ShowPageTraceBehavior [ RunTime:0.000582s ]
INFO: [ app_end ] --END-- [ RunTime:0.000630s ]

[ 2017-03-02T08:41:36+08:00 ] 127.0.0.1 /index.php?c=article&a=show&a_id=2
INFO: [ app_init ] --START--
INFO: Run Behavior\BuildLiteBehavior [ RunTime:0.000020s ]
INFO: [ app_init ] --END-- [ RunTime:0.000422s ]
INFO: [ app_begin ] --START--
INFO: Run Behavior\ReadHtmlCacheBehavior [ RunTime:0.000437s ]
INFO: [ app_begin ] --END-- [ RunTime:0.000494s ]
NOTIC: [2048] Declaration of Home\Controller\ArticleController::show() should be compatible with that of Think\Controller::show() D:\phpStudy\WWW\blog\Application\Home\Controller\ArticleController.class.php 第 27 行.
NOTIC: [2] Missing argument 4 for request(), called in D:\phpStudy\WWW\blog\Application\Home\Controller\ArticleController.class.php on line 19 and defined D:\phpStudy\WWW\blog\Application\Common\Common\function.php 第 51 行.
SQL: SHOW COLUMNS FROM `article` [ RunTime:0.0138s ]
SQL: SELECT * FROM `article` WHERE `a_id` = 2 LIMIT 1   [ RunTime:0.0004s ]
INFO: [ view_parse ] --START--
INFO: [ template_filter ] --START--
INFO: Run Behavior\ContentReplaceBehavior [ RunTime:0.000095s ]
INFO: [ template_filter ] --END-- [ RunTime:0.000186s ]
NOTIC: [8] Undefined index: show D:\phpStudy\WWW\blog\Application\Runtime\Cache\Home\5b50bc129845932f3ba5af32a9646fa2.php 第 21 行.
NOTIC: [8] Undefined index: show D:\phpStudy\WWW\blog\Application\Runtime\Cache\Home\5b50bc129845932f3ba5af32a9646fa2.php 第 21 行.
NOTIC: [8] Undefined index: show D:\phpStudy\WWW\blog\Application\Runtime\Cache\Home\5b50bc129845932f3ba5af32a9646fa2.php 第 21 行.
NOTIC: [8] Undefined index: show D:\phpStudy\WWW\blog\Application\Runtime\Cache\Home\5b50bc129845932f3ba5af32a9646fa2.php 第 21 行.
NOTIC: [8] Undefined index: show D:\phpStudy\WWW\blog\Application\Runtime\Cache\Home\5b50bc129845932f3ba5af32a9646fa2.php 第 21 行.
NOTIC: [8] Undefined index: show D:\phpStudy\WWW\blog\Application\Runtime\Cache\Home\5b50bc129845932f3ba5af32a9646fa2.php 第 21 行.
NOTIC: [8] Undefined variable: article D:\phpStudy\WWW\blog\Application\Runtime\Cache\Home\5b50bc129845932f3ba5af32a9646fa2.php 第 43 行.
NOTIC: [8] Undefined variable: article D:\phpStudy\WWW\blog\Application\Runtime\Cache\Home\5b50bc129845932f3ba5af32a9646fa2.php 第 44 行.
NOTIC: [8] Undefined variable: article D:\phpStudy\WWW\blog\Application\Runtime\Cache\Home\5b50bc129845932f3ba5af32a9646fa2.php 第 44 行.
NOTIC: [8] Undefined variable: article D:\phpStudy\WWW\blog\Application\Runtime\Cache\Home\5b50bc129845932f3ba5af32a9646fa2.php 第 45 行.
NOTIC: [8] Undefined variable: article D:\phpStudy\WWW\blog\Application\Runtime\Cache\Home\5b50bc129845932f3ba5af32a9646fa2.php 第 45 行.
NOTIC: [8] Undefined variable: article D:\phpStudy\WWW\blog\Application\Runtime\Cache\Home\5b50bc129845932f3ba5af32a9646fa2.php 第 48 行.
NOTIC: [8] Undefined variable: article D:\phpStudy\WWW\blog\Application\Runtime\Cache\Home\5b50bc129845932f3ba5af32a9646fa2.php 第 51 行.
NOTIC: [8] Undefined index: show D:\phpStudy\WWW\blog\Application\Runtime\Cache\Home\5b50bc129845932f3ba5af32a9646fa2.php 第 85 行.
NOTIC: [8] Undefined index: show D:\phpStudy\WWW\blog\Application\Runtime\Cache\Home\5b50bc129845932f3ba5af32a9646fa2.php 第 85 行.
NOTIC: [8] Undefined index: show D:\phpStudy\WWW\blog\Application\Runtime\Cache\Home\5b50bc129845932f3ba5af32a9646fa2.php 第 85 行.
NOTIC: [8] Undefined index: show D:\phpStudy\WWW\blog\Application\Runtime\Cache\Home\5b50bc129845932f3ba5af32a9646fa2.php 第 85 行.
NOTIC: [8] Undefined index: show D:\phpStudy\WWW\blog\Application\Runtime\Cache\Home\5b50bc129845932f3ba5af32a9646fa2.php 第 85 行.
NOTIC: [8] Undefined index: show D:\phpStudy\WWW\blog\Application\Runtime\Cache\Home\5b50bc129845932f3ba5af32a9646fa2.php 第 85 行.
INFO: Run Behavior\ParseTemplateBehavior [ RunTime:0.041182s ]
INFO: [ view_parse ] --END-- [ RunTime:0.041241s ]
INFO: [ view_filter ] --START--
INFO: Run Behavior\WriteHtmlCacheBehavior [ RunTime:0.000286s ]
INFO: [ view_filter ] --END-- [ RunTime:0.000332s ]
INFO: [ app_end ] --START--
INFO: Run Behavior\ShowPageTraceBehavior [ RunTime:0.000489s ]
INFO: [ app_end ] --END-- [ RunTime:0.000537s ]

[ 2017-03-02T08:41:38+08:00 ] 127.0.0.1 /index.php?c=article&a=show&a_id=2
INFO: [ app_init ] --START--
INFO: Run Behavior\BuildLiteBehavior [ RunTime:0.000022s ]
INFO: [ app_init ] --END-- [ RunTime:0.000497s ]
INFO: [ app_begin ] --START--
INFO: Run Behavior\ReadHtmlCacheBehavior [ RunTime:0.000431s ]
INFO: [ app_begin ] --END-- [ RunTime:0.000487s ]
NOTIC: [2048] Declaration of Home\Controller\ArticleController::show() should be compatible with that of Think\Controller::show() D:\phpStudy\WWW\blog\Application\Home\Controller\ArticleController.class.php 第 27 行.
NOTIC: [2] Missing argument 4 for request(), called in D:\phpStudy\WWW\blog\Application\Home\Controller\ArticleController.class.php on line 19 and defined D:\phpStudy\WWW\blog\Application\Common\Common\function.php 第 51 行.
SQL: SHOW COLUMNS FROM `article` [ RunTime:0.0135s ]
SQL: SELECT * FROM `article` WHERE `a_id` = 2 LIMIT 1   [ RunTime:0.0004s ]
INFO: [ view_parse ] --START--
INFO: [ template_filter ] --START--
INFO: Run Behavior\ContentReplaceBehavior [ RunTime:0.000065s ]
INFO: [ template_filter ] --END-- [ RunTime:0.000124s ]
NOTIC: [8] Undefined index: show D:\phpStudy\WWW\blog\Application\Runtime\Cache\Home\5b50bc129845932f3ba5af32a9646fa2.php 第 21 行.
NOTIC: [8] Undefined index: show D:\phpStudy\WWW\blog\Application\Runtime\Cache\Home\5b50bc129845932f3ba5af32a9646fa2.php 第 21 行.
NOTIC: [8] Undefined index: show D:\phpStudy\WWW\blog\Application\Runtime\Cache\Home\5b50bc129845932f3ba5af32a9646fa2.php 第 21 行.
NOTIC: [8] Undefined index: show D:\phpStudy\WWW\blog\Application\Runtime\Cache\Home\5b50bc129845932f3ba5af32a9646fa2.php 第 21 行.
NOTIC: [8] Undefined index: show D:\phpStudy\WWW\blog\Application\Runtime\Cache\Home\5b50bc129845932f3ba5af32a9646fa2.php 第 21 行.
NOTIC: [8] Undefined index: show D:\phpStudy\WWW\blog\Application\Runtime\Cache\Home\5b50bc129845932f3ba5af32a9646fa2.php 第 21 行.
NOTIC: [8] Undefined variable: article D:\phpStudy\WWW\blog\Application\Runtime\Cache\Home\5b50bc129845932f3ba5af32a9646fa2.php 第 43 行.
NOTIC: [8] Undefined variable: article D:\phpStudy\WWW\blog\Application\Runtime\Cache\Home\5b50bc129845932f3ba5af32a9646fa2.php 第 44 行.
NOTIC: [8] Undefined variable: article D:\phpStudy\WWW\blog\Application\Runtime\Cache\Home\5b50bc129845932f3ba5af32a9646fa2.php 第 44 行.
NOTIC: [8] Undefined variable: article D:\phpStudy\WWW\blog\Application\Runtime\Cache\Home\5b50bc129845932f3ba5af32a9646fa2.php 第 45 行.
NOTIC: [8] Undefined variable: article D:\phpStudy\WWW\blog\Application\Runtime\Cache\Home\5b50bc129845932f3ba5af32a9646fa2.php 第 45 行.
NOTIC: [8] Undefined variable: article D:\phpStudy\WWW\blog\Application\Runtime\Cache\Home\5b50bc129845932f3ba5af32a9646fa2.php 第 48 行.
NOTIC: [8] Undefined variable: article D:\phpStudy\WWW\blog\Application\Runtime\Cache\Home\5b50bc129845932f3ba5af32a9646fa2.php 第 51 行.
NOTIC: [8] Undefined index: show D:\phpStudy\WWW\blog\Application\Runtime\Cache\Home\5b50bc129845932f3ba5af32a9646fa2.php 第 85 行.
NOTIC: [8] Undefined index: show D:\phpStudy\WWW\blog\Application\Runtime\Cache\Home\5b50bc129845932f3ba5af32a9646fa2.php 第 85 行.
NOTIC: [8] Undefined index: show D:\phpStudy\WWW\blog\Application\Runtime\Cache\Home\5b50bc129845932f3ba5af32a9646fa2.php 第 85 行.
NOTIC: [8] Undefined index: show D:\phpStudy\WWW\blog\Application\Runtime\Cache\Home\5b50bc129845932f3ba5af32a9646fa2.php 第 85 行.
NOTIC: [8] Undefined index: show D:\phpStudy\WWW\blog\Application\Runtime\Cache\Home\5b50bc129845932f3ba5af32a9646fa2.php 第 85 行.
NOTIC: [8] Undefined index: show D:\phpStudy\WWW\blog\Application\Runtime\Cache\Home\5b50bc129845932f3ba5af32a9646fa2.php 第 85 行.
INFO: Run Behavior\ParseTemplateBehavior [ RunTime:0.009648s ]
INFO: [ view_parse ] --END-- [ RunTime:0.009715s ]
INFO: [ view_filter ] --START--
INFO: Run Behavior\WriteHtmlCacheBehavior [ RunTime:0.000292s ]
INFO: [ view_filter ] --END-- [ RunTime:0.000341s ]
INFO: [ app_end ] --START--
INFO: Run Behavior\ShowPageTraceBehavior [ RunTime:0.000711s ]
INFO: [ app_end ] --END-- [ RunTime:0.000791s ]

[ 2017-03-02T08:41:53+08:00 ] 127.0.0.1 /index.php?c=article&a=show&a_id=2
INFO: [ app_init ] --START--
INFO: Run Behavior\BuildLiteBehavior [ RunTime:0.000024s ]
INFO: [ app_init ] --END-- [ RunTime:0.000382s ]
INFO: [ app_begin ] --START--
INFO: Run Behavior\ReadHtmlCacheBehavior [ RunTime:0.000433s ]
INFO: [ app_begin ] --END-- [ RunTime:0.000488s ]
NOTIC: [2048] Declaration of Home\Controller\ArticleController::show() should be compatible with that of Think\Controller::show() D:\phpStudy\WWW\blog\Application\Home\Controller\ArticleController.class.php 第 27 行.
NOTIC: [2] Missing argument 4 for request(), called in D:\phpStudy\WWW\blog\Application\Home\Controller\ArticleController.class.php on line 19 and defined D:\phpStudy\WWW\blog\Application\Common\Common\function.php 第 51 行.
SQL: SHOW COLUMNS FROM `article` [ RunTime:0.0129s ]
SQL: SELECT * FROM `article` WHERE `a_id` = 2 LIMIT 1   [ RunTime:0.0004s ]
INFO: [ view_parse ] --START--
INFO: [ template_filter ] --START--
INFO: Run Behavior\ContentReplaceBehavior [ RunTime:0.000071s ]
INFO: [ template_filter ] --END-- [ RunTime:0.000145s ]
NOTIC: [8] Undefined index: show D:\phpStudy\WWW\blog\Application\Runtime\Cache\Home\5b50bc129845932f3ba5af32a9646fa2.php 第 21 行.
NOTIC: [8] Undefined index: show D:\phpStudy\WWW\blog\Application\Runtime\Cache\Home\5b50bc129845932f3ba5af32a9646fa2.php 第 21 行.
NOTIC: [8] Undefined index: show D:\phpStudy\WWW\blog\Application\Runtime\Cache\Home\5b50bc129845932f3ba5af32a9646fa2.php 第 21 行.
NOTIC: [8] Undefined index: show D:\phpStudy\WWW\blog\Application\Runtime\Cache\Home\5b50bc129845932f3ba5af32a9646fa2.php 第 21 行.
NOTIC: [8] Undefined index: show D:\phpStudy\WWW\blog\Application\Runtime\Cache\Home\5b50bc129845932f3ba5af32a9646fa2.php 第 21 行.
NOTIC: [8] Undefined index: show D:\phpStudy\WWW\blog\Application\Runtime\Cache\Home\5b50bc129845932f3ba5af32a9646fa2.php 第 21 行.
NOTIC: [8] Undefined index: a_adddate D:\phpStudy\WWW\blog\Application\Runtime\Cache\Home\5b50bc129845932f3ba5af32a9646fa2.php 第 44 行.
NOTIC: [8] Undefined index: show D:\phpStudy\WWW\blog\Application\Runtime\Cache\Home\5b50bc129845932f3ba5af32a9646fa2.php 第 85 行.
NOTIC: [8] Undefined index: show D:\phpStudy\WWW\blog\Application\Runtime\Cache\Home\5b50bc129845932f3ba5af32a9646fa2.php 第 85 行.
NOTIC: [8] Undefined index: show D:\phpStudy\WWW\blog\Application\Runtime\Cache\Home\5b50bc129845932f3ba5af32a9646fa2.php 第 85 行.
NOTIC: [8] Undefined index: show D:\phpStudy\WWW\blog\Application\Runtime\Cache\Home\5b50bc129845932f3ba5af32a9646fa2.php 第 85 行.
NOTIC: [8] Undefined index: show D:\phpStudy\WWW\blog\Application\Runtime\Cache\Home\5b50bc129845932f3ba5af32a9646fa2.php 第 85 行.
NOTIC: [8] Undefined index: show D:\phpStudy\WWW\blog\Application\Runtime\Cache\Home\5b50bc129845932f3ba5af32a9646fa2.php 第 85 行.
INFO: Run Behavior\ParseTemplateBehavior [ RunTime:0.010317s ]
INFO: [ view_parse ] --END-- [ RunTime:0.010373s ]
INFO: [ view_filter ] --START--
INFO: Run Behavior\WriteHtmlCacheBehavior [ RunTime:0.000280s ]
INFO: [ view_filter ] --END-- [ RunTime:0.000327s ]
INFO: [ app_end ] --START--
INFO: Run Behavior\ShowPageTraceBehavior [ RunTime:0.000468s ]
INFO: [ app_end ] --END-- [ RunTime:0.000517s ]

[ 2017-03-02T08:42:06+08:00 ] 127.0.0.1 /index.php?c=article&a=show&a_id=3
INFO: [ app_init ] --START--
INFO: Run Behavior\BuildLiteBehavior [ RunTime:0.000026s ]
INFO: [ app_init ] --END-- [ RunTime:0.000504s ]
INFO: [ app_begin ] --START--
INFO: Run Behavior\ReadHtmlCacheBehavior [ RunTime:0.001390s ]
INFO: [ app_begin ] --END-- [ RunTime:0.001742s ]
NOTIC: [2048] Declaration of Home\Controller\ArticleController::show() should be compatible with that of Think\Controller::show() D:\phpStudy\WWW\blog\Application\Home\Controller\ArticleController.class.php 第 27 行.
NOTIC: [2] Missing argument 4 for request(), called in D:\phpStudy\WWW\blog\Application\Home\Controller\ArticleController.class.php on line 19 and defined D:\phpStudy\WWW\blog\Application\Common\Common\function.php 第 51 行.
SQL: SHOW COLUMNS FROM `article` [ RunTime:0.0409s ]
SQL: SELECT * FROM `article` WHERE `a_id` = 3 LIMIT 1   [ RunTime:0.0005s ]
INFO: [ view_parse ] --START--
INFO: [ template_filter ] --START--
INFO: Run Behavior\ContentReplaceBehavior [ RunTime:0.000084s ]
INFO: [ template_filter ] --END-- [ RunTime:0.000176s ]
NOTIC: [8] Undefined index: show D:\phpStudy\WWW\blog\Application\Runtime\Cache\Home\5b50bc129845932f3ba5af32a9646fa2.php 第 21 行.
NOTIC: [8] Undefined index: show D:\phpStudy\WWW\blog\Application\Runtime\Cache\Home\5b50bc129845932f3ba5af32a9646fa2.php 第 21 行.
NOTIC: [8] Undefined index: show D:\phpStudy\WWW\blog\Application\Runtime\Cache\Home\5b50bc129845932f3ba5af32a9646fa2.php 第 21 行.
NOTIC: [8] Undefined index: show D:\phpStudy\WWW\blog\Application\Runtime\Cache\Home\5b50bc129845932f3ba5af32a9646fa2.php 第 21 行.
NOTIC: [8] Undefined index: show D:\phpStudy\WWW\blog\Application\Runtime\Cache\Home\5b50bc129845932f3ba5af32a9646fa2.php 第 21 行.
NOTIC: [8] Undefined index: show D:\phpStudy\WWW\blog\Application\Runtime\Cache\Home\5b50bc129845932f3ba5af32a9646fa2.php 第 21 行.
NOTIC: [8] Undefined index: a_adddate D:\phpStudy\WWW\blog\Application\Runtime\Cache\Home\5b50bc129845932f3ba5af32a9646fa2.php 第 44 行.
NOTIC: [8] Undefined index: show D:\phpStudy\WWW\blog\Application\Runtime\Cache\Home\5b50bc129845932f3ba5af32a9646fa2.php 第 85 行.
NOTIC: [8] Undefined index: show D:\phpStudy\WWW\blog\Application\Runtime\Cache\Home\5b50bc129845932f3ba5af32a9646fa2.php 第 85 行.
NOTIC: [8] Undefined index: show D:\phpStudy\WWW\blog\Application\Runtime\Cache\Home\5b50bc129845932f3ba5af32a9646fa2.php 第 85 行.
NOTIC: [8] Undefined index: show D:\phpStudy\WWW\blog\Application\Runtime\Cache\Home\5b50bc129845932f3ba5af32a9646fa2.php 第 85 行.
NOTIC: [8] Undefined index: show D:\phpStudy\WWW\blog\Application\Runtime\Cache\Home\5b50bc129845932f3ba5af32a9646fa2.php 第 85 行.
NOTIC: [8] Undefined index: show D:\phpStudy\WWW\blog\Application\Runtime\Cache\Home\5b50bc129845932f3ba5af32a9646fa2.php 第 85 行.
INFO: Run Behavior\ParseTemplateBehavior [ RunTime:0.014136s ]
INFO: [ view_parse ] --END-- [ RunTime:0.014224s ]
INFO: [ view_filter ] --START--
INFO: Run Behavior\WriteHtmlCacheBehavior [ RunTime:0.000566s ]
INFO: [ view_filter ] --END-- [ RunTime:0.000660s ]
INFO: [ app_end ] --START--
INFO: Run Behavior\ShowPageTraceBehavior [ RunTime:0.000897s ]
INFO: [ app_end ] --END-- [ RunTime:0.000970s ]

[ 2017-03-02T08:43:20+08:00 ] 127.0.0.1 /index.php?c=index
INFO: [ app_init ] --START--
INFO: Run Behavior\BuildLiteBehavior [ RunTime:0.000024s ]
INFO: [ app_init ] --END-- [ RunTime:0.000473s ]
INFO: [ app_begin ] --START--
INFO: Run Behavior\ReadHtmlCacheBehavior [ RunTime:0.000607s ]
INFO: [ app_begin ] --END-- [ RunTime:0.000664s ]
INFO: [ view_parse ] --START--
INFO: [ template_filter ] --START--
INFO: Run Behavior\ContentReplaceBehavior [ RunTime:0.000062s ]
INFO: [ template_filter ] --END-- [ RunTime:0.000137s ]
NOTIC: [8] Undefined index: show D:\phpStudy\WWW\blog\Application\Runtime\Cache\Home\2a94b8bda04ff446dcedd42276fc99ee.php 第 21 行.
NOTIC: [8] Undefined index: show D:\phpStudy\WWW\blog\Application\Runtime\Cache\Home\2a94b8bda04ff446dcedd42276fc99ee.php 第 21 行.
NOTIC: [8] Undefined index: show D:\phpStudy\WWW\blog\Application\Runtime\Cache\Home\2a94b8bda04ff446dcedd42276fc99ee.php 第 21 行.
NOTIC: [8] Undefined index: show D:\phpStudy\WWW\blog\Application\Runtime\Cache\Home\2a94b8bda04ff446dcedd42276fc99ee.php 第 21 行.
NOTIC: [8] Undefined index: show D:\phpStudy\WWW\blog\Application\Runtime\Cache\Home\2a94b8bda04ff446dcedd42276fc99ee.php 第 21 行.
NOTIC: [8] Undefined index: show D:\phpStudy\WWW\blog\Application\Runtime\Cache\Home\2a94b8bda04ff446dcedd42276fc99ee.php 第 21 行.
NOTIC: [8] Undefined index: show D:\phpStudy\WWW\blog\Application\Runtime\Cache\Home\2a94b8bda04ff446dcedd42276fc99ee.php 第 85 行.
NOTIC: [8] Undefined index: show D:\phpStudy\WWW\blog\Application\Runtime\Cache\Home\2a94b8bda04ff446dcedd42276fc99ee.php 第 85 行.
NOTIC: [8] Undefined index: show D:\phpStudy\WWW\blog\Application\Runtime\Cache\Home\2a94b8bda04ff446dcedd42276fc99ee.php 第 85 行.
NOTIC: [8] Undefined index: show D:\phpStudy\WWW\blog\Application\Runtime\Cache\Home\2a94b8bda04ff446dcedd42276fc99ee.php 第 85 行.
NOTIC: [8] Undefined index: show D:\phpStudy\WWW\blog\Application\Runtime\Cache\Home\2a94b8bda04ff446dcedd42276fc99ee.php 第 85 行.
NOTIC: [8] Undefined index: show D:\phpStudy\WWW\blog\Application\Runtime\Cache\Home\2a94b8bda04ff446dcedd42276fc99ee.php 第 85 行.
INFO: Run Behavior\ParseTemplateBehavior [ RunTime:0.051733s ]
INFO: [ view_parse ] --END-- [ RunTime:0.051813s ]
INFO: [ view_filter ] --START--
INFO: Run Behavior\WriteHtmlCacheBehavior [ RunTime:0.000683s ]
INFO: [ view_filter ] --END-- [ RunTime:0.000763s ]
INFO: [ app_end ] --START--
INFO: Run Behavior\ShowPageTraceBehavior [ RunTime:0.000809s ]
INFO: [ app_end ] --END-- [ RunTime:0.000879s ]

[ 2017-03-02T08:47:31+08:00 ] 127.0.0.1 /index.php?c=index
INFO: [ app_init ] --START--
INFO: Run Behavior\BuildLiteBehavior [ RunTime:0.000020s ]
INFO: [ app_init ] --END-- [ RunTime:0.000424s ]
INFO: [ app_begin ] --START--
INFO: Run Behavior\ReadHtmlCacheBehavior [ RunTime:0.000688s ]
INFO: [ app_begin ] --END-- [ RunTime:0.000744s ]
INFO: [ view_parse ] --START--
INFO: [ template_filter ] --START--
INFO: Run Behavior\ContentReplaceBehavior [ RunTime:0.000061s ]
INFO: [ template_filter ] --END-- [ RunTime:0.000123s ]
NOTIC: [8] Undefined index: show D:\phpStudy\WWW\blog\Application\Runtime\Cache\Home\2a94b8bda04ff446dcedd42276fc99ee.php 第 21 行.
NOTIC: [8] Undefined index: show D:\phpStudy\WWW\blog\Application\Runtime\Cache\Home\2a94b8bda04ff446dcedd42276fc99ee.php 第 21 行.
NOTIC: [8] Undefined index: show D:\phpStudy\WWW\blog\Application\Runtime\Cache\Home\2a94b8bda04ff446dcedd42276fc99ee.php 第 21 行.
NOTIC: [8] Undefined index: show D:\phpStudy\WWW\blog\Application\Runtime\Cache\Home\2a94b8bda04ff446dcedd42276fc99ee.php 第 21 行.
NOTIC: [8] Undefined index: show D:\phpStudy\WWW\blog\Application\Runtime\Cache\Home\2a94b8bda04ff446dcedd42276fc99ee.php 第 21 行.
NOTIC: [8] Undefined index: show D:\phpStudy\WWW\blog\Application\Runtime\Cache\Home\2a94b8bda04ff446dcedd42276fc99ee.php 第 21 行.
NOTIC: [8] Undefined index: show D:\phpStudy\WWW\blog\Application\Runtime\Cache\Home\2a94b8bda04ff446dcedd42276fc99ee.php 第 85 行.
NOTIC: [8] Undefined index: show D:\phpStudy\WWW\blog\Application\Runtime\Cache\Home\2a94b8bda04ff446dcedd42276fc99ee.php 第 85 行.
NOTIC: [8] Undefined index: show D:\phpStudy\WWW\blog\Application\Runtime\Cache\Home\2a94b8bda04ff446dcedd42276fc99ee.php 第 85 行.
NOTIC: [8] Undefined index: show D:\phpStudy\WWW\blog\Application\Runtime\Cache\Home\2a94b8bda04ff446dcedd42276fc99ee.php 第 85 行.
NOTIC: [8] Undefined index: show D:\phpStudy\WWW\blog\Application\Runtime\Cache\Home\2a94b8bda04ff446dcedd42276fc99ee.php 第 85 行.
NOTIC: [8] Undefined index: show D:\phpStudy\WWW\blog\Application\Runtime\Cache\Home\2a94b8bda04ff446dcedd42276fc99ee.php 第 85 行.
INFO: Run Behavior\ParseTemplateBehavior [ RunTime:0.009913s ]
INFO: [ view_parse ] --END-- [ RunTime:0.009972s ]
INFO: [ view_filter ] --START--
INFO: Run Behavior\WriteHtmlCacheBehavior [ RunTime:0.000464s ]
INFO: [ view_filter ] --END-- [ RunTime:0.000512s ]
INFO: [ app_end ] --START--
INFO: Run Behavior\ShowPageTraceBehavior [ RunTime:0.000775s ]
INFO: [ app_end ] --END-- [ RunTime:0.000833s ]

[ 2017-03-02T08:48:12+08:00 ] 127.0.0.1 /index.php?c=article
INFO: [ app_init ] --START--
INFO: Run Behavior\BuildLiteBehavior [ RunTime:0.000015s ]
INFO: [ app_init ] --END-- [ RunTime:0.000552s ]
INFO: [ app_begin ] --START--
INFO: Run Behavior\ReadHtmlCacheBehavior [ RunTime:0.000636s ]
INFO: [ app_begin ] --END-- [ RunTime:0.000692s ]
NOTIC: [2048] Declaration of Home\Controller\ArticleController::show() should be compatible with that of Think\Controller::show() D:\phpStudy\WWW\blog\Application\Home\Controller\ArticleController.class.php 第 27 行.
SQL: SHOW COLUMNS FROM `article` [ RunTime:0.0160s ]
NOTIC: [2] Missing argument 1 for Think\Model::where(), called in D:\phpStudy\WWW\blog\Application\Common\Model\ArticleModel.class.php on line 24 and defined D:\phpStudy\WWW\blog\ThinkPHP\Library\Think\Model.class.php 第 1797 行.
NOTIC: [8] Undefined variable: where D:\phpStudy\WWW\blog\ThinkPHP\Library\Think\Model.class.php 第 1805 行.
NOTIC: [8] Undefined variable: where D:\phpStudy\WWW\blog\ThinkPHP\Library\Think\Model.class.php 第 1808 行.
NOTIC: [8] Undefined variable: where D:\phpStudy\WWW\blog\ThinkPHP\Library\Think\Model.class.php 第 1816 行.
SQL: SELECT * FROM `article`  [ RunTime:0.0004s ]
INFO: [ view_parse ] --START--
INFO: [ template_filter ] --START--
INFO: Run Behavior\ContentReplaceBehavior [ RunTime:0.000065s ]
INFO: [ template_filter ] --END-- [ RunTime:0.000124s ]
NOTIC: [8] Undefined index: show D:\phpStudy\WWW\blog\Application\Runtime\Cache\Home\2ac6c1276904b87404ed678dbabb985c.php 第 21 行.
NOTIC: [8] Undefined index: show D:\phpStudy\WWW\blog\Application\Runtime\Cache\Home\2ac6c1276904b87404ed678dbabb985c.php 第 21 行.
NOTIC: [8] Undefined index: show D:\phpStudy\WWW\blog\Application\Runtime\Cache\Home\2ac6c1276904b87404ed678dbabb985c.php 第 21 行.
NOTIC: [8] Undefined index: show D:\phpStudy\WWW\blog\Application\Runtime\Cache\Home\2ac6c1276904b87404ed678dbabb985c.php 第 21 行.
NOTIC: [8] Undefined index: show D:\phpStudy\WWW\blog\Application\Runtime\Cache\Home\2ac6c1276904b87404ed678dbabb985c.php 第 21 行.
NOTIC: [8] Undefined index: show D:\phpStudy\WWW\blog\Application\Runtime\Cache\Home\2ac6c1276904b87404ed678dbabb985c.php 第 21 行.
NOTIC: [8] Undefined index: show D:\phpStudy\WWW\blog\Application\Runtime\Cache\Home\2ac6c1276904b87404ed678dbabb985c.php 第 70 行.
NOTIC: [8] Undefined index: show D:\phpStudy\WWW\blog\Application\Runtime\Cache\Home\2ac6c1276904b87404ed678dbabb985c.php 第 70 行.
NOTIC: [8] Undefined index: show D:\phpStudy\WWW\blog\Application\Runtime\Cache\Home\2ac6c1276904b87404ed678dbabb985c.php 第 70 行.
NOTIC: [8] Undefined index: show D:\phpStudy\WWW\blog\Application\Runtime\Cache\Home\2ac6c1276904b87404ed678dbabb985c.php 第 70 行.
NOTIC: [8] Undefined index: show D:\phpStudy\WWW\blog\Application\Runtime\Cache\Home\2ac6c1276904b87404ed678dbabb985c.php 第 70 行.
NOTIC: [8] Undefined index: show D:\phpStudy\WWW\blog\Application\Runtime\Cache\Home\2ac6c1276904b87404ed678dbabb985c.php 第 70 行.
INFO: Run Behavior\ParseTemplateBehavior [ RunTime:0.048766s ]
INFO: [ view_parse ] --END-- [ RunTime:0.048825s ]
INFO: [ view_filter ] --START--
INFO: Run Behavior\WriteHtmlCacheBehavior [ RunTime:0.000436s ]
INFO: [ view_filter ] --END-- [ RunTime:0.000482s ]
INFO: [ app_end ] --START--
INFO: Run Behavior\ShowPageTraceBehavior [ RunTime:0.001681s ]
INFO: [ app_end ] --END-- [ RunTime:0.001784s ]

[ 2017-03-02T09:06:44+08:00 ] 127.0.0.1 /index.php
INFO: [ app_init ] --START--
INFO: Run Behavior\BuildLiteBehavior [ RunTime:0.000014s ]
INFO: [ app_init ] --END-- [ RunTime:0.000339s ]
INFO: [ app_begin ] --START--
INFO: Run Behavior\ReadHtmlCacheBehavior [ RunTime:0.000464s ]
INFO: [ app_begin ] --END-- [ RunTime:0.000521s ]
INFO: [ view_parse ] --START--
INFO: [ template_filter ] --START--
INFO: Run Behavior\ContentReplaceBehavior [ RunTime:0.000061s ]
INFO: [ template_filter ] --END-- [ RunTime:0.000125s ]
NOTIC: [8] Undefined index: show D:\phpStudy\WWW\blog\Application\Runtime\Cache\Home\2a94b8bda04ff446dcedd42276fc99ee.php 第 21 行.
NOTIC: [8] Undefined index: show D:\phpStudy\WWW\blog\Application\Runtime\Cache\Home\2a94b8bda04ff446dcedd42276fc99ee.php 第 21 行.
NOTIC: [8] Undefined index: show D:\phpStudy\WWW\blog\Application\Runtime\Cache\Home\2a94b8bda04ff446dcedd42276fc99ee.php 第 21 行.
NOTIC: [8] Undefined index: show D:\phpStudy\WWW\blog\Application\Runtime\Cache\Home\2a94b8bda04ff446dcedd42276fc99ee.php 第 21 行.
NOTIC: [8] Undefined index: show D:\phpStudy\WWW\blog\Application\Runtime\Cache\Home\2a94b8bda04ff446dcedd42276fc99ee.php 第 21 行.
NOTIC: [8] Undefined index: show D:\phpStudy\WWW\blog\Application\Runtime\Cache\Home\2a94b8bda04ff446dcedd42276fc99ee.php 第 21 行.
NOTIC: [8] Undefined index: show D:\phpStudy\WWW\blog\Application\Runtime\Cache\Home\2a94b8bda04ff446dcedd42276fc99ee.php 第 85 行.
NOTIC: [8] Undefined index: show D:\phpStudy\WWW\blog\Application\Runtime\Cache\Home\2a94b8bda04ff446dcedd42276fc99ee.php 第 85 行.
NOTIC: [8] Undefined index: show D:\phpStudy\WWW\blog\Application\Runtime\Cache\Home\2a94b8bda04ff446dcedd42276fc99ee.php 第 85 行.
NOTIC: [8] Undefined index: show D:\phpStudy\WWW\blog\Application\Runtime\Cache\Home\2a94b8bda04ff446dcedd42276fc99ee.php 第 85 行.
NOTIC: [8] Undefined index: show D:\phpStudy\WWW\blog\Application\Runtime\Cache\Home\2a94b8bda04ff446dcedd42276fc99ee.php 第 85 行.
NOTIC: [8] Undefined index: show D:\phpStudy\WWW\blog\Application\Runtime\Cache\Home\2a94b8bda04ff446dcedd42276fc99ee.php 第 85 行.
INFO: Run Behavior\ParseTemplateBehavior [ RunTime:0.042669s ]
INFO: [ view_parse ] --END-- [ RunTime:0.042728s ]
INFO: [ view_filter ] --START--
INFO: Run Behavior\WriteHtmlCacheBehavior [ RunTime:0.000540s ]
INFO: [ view_filter ] --END-- [ RunTime:0.000589s ]
INFO: [ app_end ] --START--
INFO: Run Behavior\ShowPageTraceBehavior [ RunTime:0.000627s ]
INFO: [ app_end ] --END-- [ RunTime:0.000677s ]

[ 2017-03-02T17:07:54+08:00 ] 127.0.0.1 /
INFO: [ app_init ] --START--
INFO: Run Behavior\BuildLiteBehavior [ RunTime:0.000020s ]
INFO: [ app_init ] --END-- [ RunTime:0.000500s ]
INFO: [ app_begin ] --START--
INFO: Run Behavior\ReadHtmlCacheBehavior [ RunTime:0.017396s ]
INFO: [ app_begin ] --END-- [ RunTime:0.017471s ]
INFO: [ view_parse ] --START--
INFO: [ template_filter ] --START--
INFO: Run Behavior\ContentReplaceBehavior [ RunTime:0.000062s ]
INFO: [ template_filter ] --END-- [ RunTime:0.000132s ]
NOTIC: [8] Undefined index: show D:\phpStudy\WWW\blog\Application\Runtime\Cache\Home\2a94b8bda04ff446dcedd42276fc99ee.php 第 21 行.
NOTIC: [8] Undefined index: show D:\phpStudy\WWW\blog\Application\Runtime\Cache\Home\2a94b8bda04ff446dcedd42276fc99ee.php 第 21 行.
NOTIC: [8] Undefined index: show D:\phpStudy\WWW\blog\Application\Runtime\Cache\Home\2a94b8bda04ff446dcedd42276fc99ee.php 第 21 行.
NOTIC: [8] Undefined index: show D:\phpStudy\WWW\blog\Application\Runtime\Cache\Home\2a94b8bda04ff446dcedd42276fc99ee.php 第 21 行.
NOTIC: [8] Undefined index: show D:\phpStudy\WWW\blog\Application\Runtime\Cache\Home\2a94b8bda04ff446dcedd42276fc99ee.php 第 21 行.
NOTIC: [8] Undefined index: show D:\phpStudy\WWW\blog\Application\Runtime\Cache\Home\2a94b8bda04ff446dcedd42276fc99ee.php 第 21 行.
NOTIC: [8] Undefined index: show D:\phpStudy\WWW\blog\Application\Runtime\Cache\Home\2a94b8bda04ff446dcedd42276fc99ee.php 第 85 行.
NOTIC: [8] Undefined index: show D:\phpStudy\WWW\blog\Application\Runtime\Cache\Home\2a94b8bda04ff446dcedd42276fc99ee.php 第 85 行.
NOTIC: [8] Undefined index: show D:\phpStudy\WWW\blog\Application\Runtime\Cache\Home\2a94b8bda04ff446dcedd42276fc99ee.php 第 85 行.
NOTIC: [8] Undefined index: show D:\phpStudy\WWW\blog\Application\Runtime\Cache\Home\2a94b8bda04ff446dcedd42276fc99ee.php 第 85 行.
NOTIC: [8] Undefined index: show D:\phpStudy\WWW\blog\Application\Runtime\Cache\Home\2a94b8bda04ff446dcedd42276fc99ee.php 第 85 行.
NOTIC: [8] Undefined index: show D:\phpStudy\WWW\blog\Application\Runtime\Cache\Home\2a94b8bda04ff446dcedd42276fc99ee.php 第 85 行.
INFO: Run Behavior\ParseTemplateBehavior [ RunTime:0.181787s ]
INFO: [ view_parse ] --END-- [ RunTime:0.181865s ]
INFO: [ view_filter ] --START--
INFO: Run Behavior\WriteHtmlCacheBehavior [ RunTime:0.010614s ]
INFO: [ view_filter ] --END-- [ RunTime:0.010718s ]
INFO: [ app_end ] --START--
INFO: Run Behavior\ShowPageTraceBehavior [ RunTime:0.007712s ]
INFO: [ app_end ] --END-- [ RunTime:0.007802s ]

